Build started 06.09.2012 13:53:47.
     1>Project "C:\Users\875144\Desktop\Development\6_SMTP SCAN\SMTP Source 5 (1.4)\SMTP Tool.vcxproj" on node 2 (build target(s)).
     1>InitializeBuildStatus:
         Creating "Release\SMTP Tool.unsuccessfulbuild" because "AlwaysCreate" was specified.
       ClCompile:
         C:\Program Files (x86)\Microsoft Visual Studio 10.0\VC\bin\CL.exe /c /Zi /nologo /W3 /WX- /O2 /Oi /Oy- /GL /D WIN32 /D _WINDOWS /D NDEBUG /D CURL_STATICLIB /D _UNICODE /D UNICODE /Gm- /EHsc /MT /GS /Gy /fp:precise /Zc:wchar_t /Zc:forScope /Yc"StdAfx.h" /Fp"Release\SMTP Tool.pch" /Fo"Release\\" /Fd"Release\vc100.pdb" /Gd /TP /analyze- /errorReport:prompt stdafx.cpp
         stdafx.cpp
         C:\Program Files (x86)\Microsoft Visual Studio 10.0\VC\bin\CL.exe /c /Zi /nologo /W3 /WX- /O2 /Oi /Oy- /GL /D WIN32 /D _WINDOWS /D NDEBUG /D CURL_STATICLIB /D _UNICODE /D UNICODE /Gm- /EHsc /MT /GS /Gy /fp:precise /Zc:wchar_t /Zc:forScope /Fo"Release\\" /Fd"Release\vc100.pdb" /Gd /TP /analyze- /errorReport:prompt curl_tools.cpp DlgMain.cpp DlgSettings.cpp Serial.cpp shared.cpp "SMTP Tool.cpp" "SMTP ToolDlg.cpp"
         curl_tools.cpp
     1>curl_tools.cpp(206): warning C4018: '<' : signed/unsigned mismatch
         DlgMain.cpp
     1>DlgMain.cpp(134): warning C4996: 'fopen': This function or variable may be unsafe. Consider using fopen_s instead. To disable deprecation, use _CRT_SECURE_NO_WARNINGS. See online help for details.
                 C:\Program Files (x86)\Microsoft Visual Studio 10.0\VC\include\stdio.h(234) : see declaration of 'fopen'
     1>DlgMain.cpp(423): warning C4996: 'fopen': This function or variable may be unsafe. Consider using fopen_s instead. To disable deprecation, use _CRT_SECURE_NO_WARNINGS. See online help for details.
                 C:\Program Files (x86)\Microsoft Visual Studio 10.0\VC\include\stdio.h(234) : see declaration of 'fopen'
     1>DlgMain.cpp(662): warning C4996: 'fopen': This function or variable may be unsafe. Consider using fopen_s instead. To disable deprecation, use _CRT_SECURE_NO_WARNINGS. See online help for details.
                 C:\Program Files (x86)\Microsoft Visual Studio 10.0\VC\include\stdio.h(234) : see declaration of 'fopen'
         DlgSettings.cpp
     1>DlgSettings.cpp(220): warning C4996: 'fopen': This function or variable may be unsafe. Consider using fopen_s instead. To disable deprecation, use _CRT_SECURE_NO_WARNINGS. See online help for details.
                 C:\Program Files (x86)\Microsoft Visual Studio 10.0\VC\include\stdio.h(234) : see declaration of 'fopen'
     1>DlgSettings.cpp(367): warning C4996: 'fopen': This function or variable may be unsafe. Consider using fopen_s instead. To disable deprecation, use _CRT_SECURE_NO_WARNINGS. See online help for details.
                 C:\Program Files (x86)\Microsoft Visual Studio 10.0\VC\include\stdio.h(234) : see declaration of 'fopen'
         Serial.cpp
         shared.cpp
     1>shared.cpp(326): warning C4800: 'BOOL' : forcing value to bool 'true' or 'false' (performance warning)
     1>shared.cpp(587): warning C4800: 'BOOL' : forcing value to bool 'true' or 'false' (performance warning)
     1>shared.cpp(639): warning C4996: 'fopen': This function or variable may be unsafe. Consider using fopen_s instead. To disable deprecation, use _CRT_SECURE_NO_WARNINGS. See online help for details.
                 C:\Program Files (x86)\Microsoft Visual Studio 10.0\VC\include\stdio.h(234) : see declaration of 'fopen'
         SMTP Tool.cpp
         SMTP ToolDlg.cpp
       ResourceCompile:
         C:\Program Files (x86)\Microsoft SDKs\Windows\v7.0A\bin\rc.exe /D NDEBUG /D _UNICODE /D UNICODE /l"0x0409" /IRelease\ /nologo /fo"Release\SMTP Tool.res" "SMTP Tool.rc" 
       Link:
         C:\Program Files (x86)\Microsoft Visual Studio 10.0\VC\bin\link.exe /ERRORREPORT:PROMPT /OUT:"C:\Users\875144\Desktop\Development\6_SMTP SCAN\SMTP Source 5 (1.4)\Release\SMTP Tool.exe" /INCREMENTAL:NO /NOLOGO libcurl.lib winmm.lib wldap32.lib /NODEFAULTLIB:wsock32 /MANIFEST /ManifestFile:"Release\SMTP Tool.exe.intermediate.manifest" /MANIFESTUAC:"level='asInvoker' uiAccess='false'" /DEBUG /PDB:"C:\Users\875144\Desktop\Development\6_SMTP SCAN\SMTP Source 5 (1.4)\Release\SMTP Tool.pdb" /SUBSYSTEM:WINDOWS /OPT:REF /OPT:ICF /LTCG /TLBID:1 /ENTRY:"wWinMainCRTStartup" /DYNAMICBASE /NXCOMPAT /IMPLIB:"C:\Users\875144\Desktop\Development\6_SMTP SCAN\SMTP Source 5 (1.4)\Release\SMTP Tool.lib" /MACHINE:X86 "Release\SMTP Tool.res"
         Release\curl_tools.obj
         Release\DlgMain.obj
         Release\DlgSettings.obj
         Release\Serial.obj
         Release\shared.obj
         "Release\SMTP Tool.obj"
         "Release\SMTP ToolDlg.obj"
         Release\stdafx.obj
         Generating code
     1>c:\users\875144\desktop\development\6_smtp scan\smtp source 5 (1.4)\smtp tooldlg.cpp(184): warning C4700: uninitialized local variable 'ble2' used
         Finished generating code
         SMTP Tool.vcxproj -> C:\Users\875144\Desktop\Development\6_SMTP SCAN\SMTP Source 5 (1.4)\Release\SMTP Tool.exe
       Manifest:
         C:\Program Files (x86)\Microsoft SDKs\Windows\v7.0A\bin\mt.exe /nologo /verbose /outputresource:"C:\Users\875144\Desktop\Development\6_SMTP SCAN\SMTP Source 5 (1.4)\Release\SMTP Tool.exe;#1" /manifest "Release\SMTP Tool.exe.intermediate.manifest" "C:\Program Files (x86)\Microsoft Visual Studio 10.0\VC\Include\Manifest\dpiaware.manifest"
       FinalizeBuildStatus:
         Deleting file "Release\SMTP Tool.unsuccessfulbuild".
         Touching "Release\SMTP Tool.lastbuildstate".
     1>Done Building Project "C:\Users\875144\Desktop\Development\6_SMTP SCAN\SMTP Source 5 (1.4)\SMTP Tool.vcxproj" (build target(s)).

Build succeeded.

Time Elapsed 00:00:28.70
